{"C:\\Users\\Administrator\\Desktop\\Projekt_okviri\\projekt-adragicevic98\\frontend\\src\\App.js": {"path":"C:\\Users\\Administrator\\Desktop\\Projekt_okviri\\projekt-adragicevic98\\frontend\\src\\App.js","statementMap":{"0":{"start":{"line":29,"column":12},"end":{"line":682,"column":3}},"1":{"start":{"line":30,"column":43},"end":{"line":30,"column":55}},"2":{"start":{"line":31,"column":39},"end":{"line":31,"column":51}},"3":{"start":{"line":32,"column":38},"end":{"line":32,"column":58}},"4":{"start":{"line":33,"column":41},"end":{"line":33,"column":55}},"5":{"start":{"line":34,"column":36},"end":{"line":34,"column":50}},"6":{"start":{"line":35,"column":42},"end":{"line":35,"column":61}},"7":{"start":{"line":36,"column":34},"end":{"line":36,"column":49}},"8":{"start":{"line":37,"column":40},"end":{"line":37,"column":52}},"9":{"start":{"line":38,"column":32},"end":{"line":38,"column":44}},"10":{"start":{"line":39,"column":31},"end":{"line":39,"column":43}},"11":{"start":{"line":40,"column":41},"end":{"line":40,"column":55}},"12":{"start":{"line":41,"column":51},"end":{"line":41,"column":66}},"13":{"start":{"line":42,"column":63},"end":{"line":42,"column":78}},"14":{"start":{"line":43,"column":53},"end":{"line":43,"column":67}},"15":{"start":{"line":44,"column":46},"end":{"line":44,"column":61}},"16":{"start":{"line":45,"column":30},"end":{"line":45,"column":42}},"17":{"start":{"line":46,"column":38},"end":{"line":46,"column":50}},"18":{"start":{"line":47,"column":32},"end":{"line":47,"column":45}},"19":{"start":{"line":48,"column":30},"end":{"line":48,"column":42}},"20":{"start":{"line":49,"column":47},"end":{"line":49,"column":62}},"21":{"start":{"line":50,"column":32},"end":{"line":50,"column":46}},"22":{"start":{"line":51,"column":37},"end":{"line":51,"column":51}},"23":{"start":{"line":52,"column":38},"end":{"line":52,"column":50}},"24":{"start":{"line":54,"column":16},"end":{"line":54,"column":26}},"25":{"start":{"line":55,"column":22},"end":{"line":76,"column":5}},"26":{"start":{"line":56,"column":6},"end":{"line":56,"column":24}},"27":{"start":{"line":57,"column":6},"end":{"line":75,"column":7}},"28":{"start":{"line":58,"column":25},"end":{"line":60,"column":10}},"29":{"start":{"line":61,"column":8},"end":{"line":61,"column":84}},"30":{"start":{"line":62,"column":8},"end":{"line":62,"column":54}},"31":{"start":{"line":63,"column":8},"end":{"line":63,"column":34}},"32":{"start":{"line":64,"column":8},"end":{"line":64,"column":46}},"33":{"start":{"line":65,"column":8},"end":{"line":67,"column":15}},"34":{"start":{"line":66,"column":10},"end":{"line":66,"column":27}},"35":{"start":{"line":68,"column":8},"end":{"line":68,"column":27}},"36":{"start":{"line":69,"column":8},"end":{"line":69,"column":23}},"37":{"start":{"line":70,"column":8},"end":{"line":70,"column":22}},"38":{"start":{"line":71,"column":8},"end":{"line":71,"column":26}},"39":{"start":{"line":72,"column":8},"end":{"line":72,"column":22}},"40":{"start":{"line":74,"column":8},"end":{"line":74,"column":41}},"41":{"start":{"line":77,"column":21},"end":{"line":135,"column":1}},"42":{"start":{"line":78,"column":6},"end":{"line":78,"column":24}},"43":{"start":{"line":79,"column":25},"end":{"line":88,"column":9}},"44":{"start":{"line":89,"column":6},"end":{"line":89,"column":37}},"45":{"start":{"line":90,"column":6},"end":{"line":123,"column":9}},"46":{"start":{"line":92,"column":8},"end":{"line":92,"column":46}},"47":{"start":{"line":95,"column":8},"end":{"line":95,"column":86}},"48":{"start":{"line":95,"column":44},"end":{"line":95,"column":84}},"49":{"start":{"line":99,"column":8},"end":{"line":99,"column":40}},"50":{"start":{"line":100,"column":8},"end":{"line":104,"column":10}},"51":{"start":{"line":103,"column":10},"end":{"line":103,"column":43}},"52":{"start":{"line":108,"column":9},"end":{"line":108,"column":37}},"53":{"start":{"line":117,"column":8},"end":{"line":121,"column":9}},"54":{"start":{"line":120,"column":10},"end":{"line":120,"column":73}},"55":{"start":{"line":124,"column":6},"end":{"line":124,"column":39}},"56":{"start":{"line":125,"column":6},"end":{"line":125,"column":31}},"57":{"start":{"line":137,"column":27},"end":{"line":184,"column":5}},"58":{"start":{"line":138,"column":6},"end":{"line":138,"column":24}},"59":{"start":{"line":139,"column":5},"end":{"line":182,"column":6}},"60":{"start":{"line":140,"column":23},"end":{"line":148,"column":7}},"61":{"start":{"line":150,"column":4},"end":{"line":179,"column":7}},"62":{"start":{"line":153,"column":6},"end":{"line":153,"column":55}},"63":{"start":{"line":156,"column":8},"end":{"line":156,"column":39}},"64":{"start":{"line":157,"column":8},"end":{"line":157,"column":44}},"65":{"start":{"line":158,"column":8},"end":{"line":158,"column":36}},"66":{"start":{"line":159,"column":8},"end":{"line":159,"column":27}},"67":{"start":{"line":160,"column":8},"end":{"line":160,"column":23}},"68":{"start":{"line":161,"column":8},"end":{"line":161,"column":22}},"69":{"start":{"line":162,"column":8},"end":{"line":162,"column":26}},"70":{"start":{"line":163,"column":8},"end":{"line":163,"column":22}},"71":{"start":{"line":167,"column":6},"end":{"line":167,"column":41}},"72":{"start":{"line":168,"column":6},"end":{"line":168,"column":37}},"73":{"start":{"line":169,"column":6},"end":{"line":169,"column":35}},"74":{"start":{"line":170,"column":6},"end":{"line":173,"column":7}},"75":{"start":{"line":172,"column":8},"end":{"line":172,"column":44}},"76":{"start":{"line":174,"column":6},"end":{"line":178,"column":7}},"77":{"start":{"line":175,"column":8},"end":{"line":175,"column":43}},"78":{"start":{"line":176,"column":8},"end":{"line":176,"column":39}},"79":{"start":{"line":177,"column":8},"end":{"line":177,"column":37}},"80":{"start":{"line":181,"column":7},"end":{"line":181,"column":38}},"81":{"start":{"line":185,"column":4},"end":{"line":192,"column":10}},"82":{"start":{"line":186,"column":35},"end":{"line":186,"column":85}},"83":{"start":{"line":187,"column":6},"end":{"line":191,"column":7}},"84":{"start":{"line":188,"column":25},"end":{"line":188,"column":57}},"85":{"start":{"line":189,"column":8},"end":{"line":189,"column":34}},"86":{"start":{"line":190,"column":8},"end":{"line":190,"column":54}},"87":{"start":{"line":193,"column":14},"end":{"line":193,"column":38}},"88":{"start":{"line":194,"column":4},"end":{"line":194,"column":126}},"89":{"start":{"line":194,"column":23},"end":{"line":194,"column":125}},"90":{"start":{"line":198,"column":29},"end":{"line":200,"column":16}},"91":{"start":{"line":199,"column":38},"end":{"line":199,"column":124}},"92":{"start":{"line":202,"column":2},"end":{"line":208,"column":8}},"93":{"start":{"line":203,"column":4},"end":{"line":207,"column":6}},"94":{"start":{"line":206,"column":6},"end":{"line":206,"column":39}},"95":{"start":{"line":210,"column":4},"end":{"line":210,"column":67}},"96":{"start":{"line":212,"column":26},"end":{"line":241,"column":8}},"97":{"start":{"line":213,"column":6},"end":{"line":213,"column":24}},"98":{"start":{"line":216,"column":23},"end":{"line":222,"column":7}},"99":{"start":{"line":224,"column":4},"end":{"line":241,"column":7}},"100":{"start":{"line":227,"column":6},"end":{"line":227,"column":60}},"101":{"start":{"line":230,"column":6},"end":{"line":230,"column":48}},"102":{"start":{"line":231,"column":5},"end":{"line":231,"column":49}},"103":{"start":{"line":233,"column":5},"end":{"line":233,"column":24}},"104":{"start":{"line":237,"column":6},"end":{"line":240,"column":7}},"105":{"start":{"line":239,"column":8},"end":{"line":239,"column":48}},"106":{"start":{"line":264,"column":26},"end":{"line":272,"column":3}},"107":{"start":{"line":265,"column":4},"end":{"line":271,"column":6}},"108":{"start":{"line":268,"column":6},"end":{"line":268,"column":28}},"109":{"start":{"line":269,"column":6},"end":{"line":269,"column":59}},"110":{"start":{"line":269,"column":47},"end":{"line":269,"column":57}},"111":{"start":{"line":273,"column":27},"end":{"line":279,"column":5}},"112":{"start":{"line":274,"column":7},"end":{"line":274,"column":29}},"113":{"start":{"line":275,"column":6},"end":{"line":275,"column":59}},"114":{"start":{"line":276,"column":6},"end":{"line":276,"column":36}},"115":{"start":{"line":280,"column":26},"end":{"line":295,"column":5}},"116":{"start":{"line":281,"column":6},"end":{"line":281,"column":86}},"117":{"start":{"line":288,"column":6},"end":{"line":294,"column":7}},"118":{"start":{"line":289,"column":8},"end":{"line":289,"column":48}},"119":{"start":{"line":290,"column":8},"end":{"line":290,"column":47}},"120":{"start":{"line":291,"column":6},"end":{"line":291,"column":47}},"121":{"start":{"line":293,"column":7},"end":{"line":293,"column":28}},"122":{"start":{"line":297,"column":25},"end":{"line":300,"column":3}},"123":{"start":{"line":298,"column":4},"end":{"line":298,"column":19}},"124":{"start":{"line":299,"column":4},"end":{"line":299,"column":32}},"125":{"start":{"line":301,"column":22},"end":{"line":308,"column":6}},"126":{"start":{"line":309,"column":5},"end":{"line":330,"column":5}},"127":{"start":{"line":310,"column":6},"end":{"line":323,"column":7}},"128":{"start":{"line":310,"column":23},"end":{"line":310,"column":24}},"129":{"start":{"line":311,"column":24},"end":{"line":311,"column":42}},"130":{"start":{"line":312,"column":8},"end":{"line":320,"column":9}},"131":{"start":{"line":313,"column":10},"end":{"line":318,"column":11}},"132":{"start":{"line":313,"column":23},"end":{"line":313,"column":24}},"133":{"start":{"line":314,"column":12},"end":{"line":317,"column":13}},"134":{"start":{"line":315,"column":14},"end":{"line":315,"column":87}},"135":{"start":{"line":315,"column":53},"end":{"line":315,"column":86}},"136":{"start":{"line":316,"column":14},"end":{"line":316,"column":51}},"137":{"start":{"line":321,"column":8},"end":{"line":321,"column":35}},"138":{"start":{"line":324,"column":14},"end":{"line":324,"column":15}},"139":{"start":{"line":325,"column":6},"end":{"line":329,"column":7}},"140":{"start":{"line":326,"column":8},"end":{"line":326,"column":105}},"141":{"start":{"line":326,"column":58},"end":{"line":326,"column":104}},"142":{"start":{"line":327,"column":8},"end":{"line":327,"column":69}},"143":{"start":{"line":327,"column":47},"end":{"line":327,"column":68}},"144":{"start":{"line":328,"column":8},"end":{"line":328,"column":59}},"145":{"start":{"line":333,"column":24},"end":{"line":336,"column":5}},"146":{"start":{"line":334,"column":6},"end":{"line":334,"column":34}},"147":{"start":{"line":335,"column":6},"end":{"line":335,"column":29}},"148":{"start":{"line":337,"column":28},"end":{"line":340,"column":5}},"149":{"start":{"line":338,"column":6},"end":{"line":338,"column":25}},"150":{"start":{"line":339,"column":6},"end":{"line":339,"column":32}},"151":{"start":{"line":341,"column":22},"end":{"line":349,"column":6}},"152":{"start":{"line":374,"column":18},"end":{"line":380,"column":5}},"153":{"start":{"line":381,"column":18},"end":{"line":388,"column":5}},"154":{"start":{"line":389,"column":18},"end":{"line":396,"column":5}},"155":{"start":{"line":397,"column":17},"end":{"line":400,"column":5}},"156":{"start":{"line":401,"column":23},"end":{"line":418,"column":5}},"157":{"start":{"line":402,"column":21},"end":{"line":402,"column":63}},"158":{"start":{"line":403,"column":22},"end":{"line":403,"column":62}},"159":{"start":{"line":404,"column":6},"end":{"line":417,"column":19}},"160":{"start":{"line":410,"column":68},"end":{"line":410,"column":97}},"161":{"start":{"line":410,"column":98},"end":{"line":410,"column":135}},"162":{"start":{"line":410,"column":135},"end":{"line":410,"column":167}},"163":{"start":{"line":412,"column":67},"end":{"line":412,"column":103}},"164":{"start":{"line":412,"column":104},"end":{"line":412,"column":134}},"165":{"start":{"line":412,"column":134},"end":{"line":412,"column":166}},"166":{"start":{"line":419,"column":17},"end":{"line":423,"column":5}},"167":{"start":{"line":424,"column":23},"end":{"line":447,"column":5}},"168":{"start":{"line":425,"column":21},"end":{"line":425,"column":60}},"169":{"start":{"line":426,"column":21},"end":{"line":426,"column":59}},"170":{"start":{"line":427,"column":6},"end":{"line":446,"column":7}},"171":{"start":{"line":435,"column":116},"end":{"line":435,"column":146}},"172":{"start":{"line":435,"column":147},"end":{"line":435,"column":184}},"173":{"start":{"line":435,"column":184},"end":{"line":435,"column":215}},"174":{"start":{"line":439,"column":37},"end":{"line":439,"column":66}},"175":{"start":{"line":440,"column":39},"end":{"line":440,"column":64}},"176":{"start":{"line":448,"column":18},"end":{"line":449,"column":23}},"177":{"start":{"line":450,"column":30},"end":{"line":484,"column":5}},"178":{"start":{"line":451,"column":21},"end":{"line":451,"column":67}},"179":{"start":{"line":452,"column":22},"end":{"line":452,"column":69}},"180":{"start":{"line":454,"column":6},"end":{"line":483,"column":7}},"181":{"start":{"line":461,"column":116},"end":{"line":461,"column":153}},"182":{"start":{"line":461,"column":153},"end":{"line":461,"column":183}},"183":{"start":{"line":461,"column":183},"end":{"line":461,"column":213}},"184":{"start":{"line":471,"column":40},"end":{"line":471,"column":69}},"185":{"start":{"line":472,"column":39},"end":{"line":472,"column":64}},"186":{"start":{"line":473,"column":36},"end":{"line":473,"column":62}},"187":{"start":{"line":474,"column":37},"end":{"line":474,"column":61}},"188":{"start":{"line":475,"column":41},"end":{"line":475,"column":69}},"189":{"start":{"line":476,"column":37},"end":{"line":476,"column":62}},"190":{"start":{"line":477,"column":36},"end":{"line":477,"column":60}},"191":{"start":{"line":485,"column":18},"end":{"line":487,"column":5}},"192":{"start":{"line":488,"column":20},"end":{"line":520,"column":5}},"193":{"start":{"line":489,"column":21},"end":{"line":489,"column":58}},"194":{"start":{"line":490,"column":22},"end":{"line":490,"column":60}},"195":{"start":{"line":491,"column":6},"end":{"line":518,"column":7}},"196":{"start":{"line":494,"column":107},"end":{"line":494,"column":134}},"197":{"start":{"line":506,"column":39},"end":{"line":506,"column":64}},"198":{"start":{"line":507,"column":37},"end":{"line":507,"column":61}},"199":{"start":{"line":508,"column":41},"end":{"line":508,"column":69}},"200":{"start":{"line":509,"column":37},"end":{"line":509,"column":62}},"201":{"start":{"line":510,"column":36},"end":{"line":510,"column":60}},"202":{"start":{"line":512,"column":41},"end":{"line":512,"column":76}},"203":{"start":{"line":521,"column":20},"end":{"line":528,"column":5}},"204":{"start":{"line":529,"column":17},"end":{"line":531,"column":5}},"205":{"start":{"line":532,"column":22},"end":{"line":571,"column":5}},"206":{"start":{"line":533,"column":21},"end":{"line":533,"column":60}},"207":{"start":{"line":534,"column":22},"end":{"line":534,"column":62}},"208":{"start":{"line":536,"column":6},"end":{"line":536,"column":36}},"209":{"start":{"line":537,"column":6},"end":{"line":570,"column":7}},"210":{"start":{"line":544,"column":119},"end":{"line":544,"column":146}},"211":{"start":{"line":572,"column":21},"end":{"line":588,"column":5}},"212":{"start":{"line":576,"column":18},"end":{"line":576,"column":29}},"213":{"start":{"line":578,"column":6},"end":{"line":587,"column":13}},"214":{"start":{"line":583,"column":34},"end":{"line":583,"column":85}},"215":{"start":{"line":584,"column":10},"end":{"line":584,"column":100}},"216":{"start":{"line":584,"column":75},"end":{"line":584,"column":97}},"217":{"start":{"line":589,"column":21},"end":{"line":592,"column":5}},"218":{"start":{"line":593,"column":20},"end":{"line":597,"column":5}},"219":{"start":{"line":599,"column":20},"end":{"line":604,"column":5}},"220":{"start":{"line":605,"column":15},"end":{"line":609,"column":5}},"221":{"start":{"line":610,"column":21},"end":{"line":612,"column":5}},"222":{"start":{"line":613,"column":15},"end":{"line":616,"column":5}},"223":{"start":{"line":617,"column":18},"end":{"line":622,"column":5}},"224":{"start":{"line":623,"column":29},"end":{"line":658,"column":5}},"225":{"start":{"line":624,"column":6},"end":{"line":657,"column":12}},"226":{"start":{"line":626,"column":117},"end":{"line":626,"column":144}},"227":{"start":{"line":641,"column":105},"end":{"line":641,"column":124}},"228":{"start":{"line":645,"column":109},"end":{"line":645,"column":130}},"229":{"start":{"line":652,"column":47},"end":{"line":652,"column":98}},"230":{"start":{"line":652,"column":110},"end":{"line":652,"column":197}},"231":{"start":{"line":652,"column":172},"end":{"line":652,"column":194}},"232":{"start":{"line":659,"column":4},"end":{"line":681,"column":5}},"233":{"start":{"line":674,"column":126},"end":{"line":674,"column":154}},"234":{"start":{"line":674,"column":155},"end":{"line":674,"column":178}},"235":{"start":{"line":674,"column":179},"end":{"line":674,"column":210}},"236":{"start":{"line":674,"column":211},"end":{"line":674,"column":241}},"237":{"start":{"line":674,"column":241},"end":{"line":674,"column":269}}},"fnMap":{"0":{"name":"(anonymous_0)","decl":{"start":{"line":29,"column":12},"end":{"line":29,"column":13}},"loc":{"start":{"line":29,"column":23},"end":{"line":682,"column":3}},"line":29},"1":{"name":"(anonymous_1)","decl":{"start":{"line":55,"column":22},"end":{"line":55,"column":23}},"loc":{"start":{"line":55,"column":35},"end":{"line":76,"column":5}},"line":55},"2":{"name":"(anonymous_2)","decl":{"start":{"line":65,"column":19},"end":{"line":65,"column":20}},"loc":{"start":{"line":65,"column":23},"end":{"line":67,"column":9}},"line":65},"3":{"name":"(anonymous_3)","decl":{"start":{"line":77,"column":21},"end":{"line":77,"column":22}},"loc":{"start":{"line":77,"column":31},"end":{"line":135,"column":1}},"line":77},"4":{"name":"(anonymous_4)","decl":{"start":{"line":91,"column":12},"end":{"line":91,"column":13}},"loc":{"start":{"line":91,"column":24},"end":{"line":115,"column":7}},"line":91},"5":{"name":"(anonymous_5)","decl":{"start":{"line":95,"column":39},"end":{"line":95,"column":40}},"loc":{"start":{"line":95,"column":44},"end":{"line":95,"column":84}},"line":95},"6":{"name":"(anonymous_6)","decl":{"start":{"line":102,"column":14},"end":{"line":102,"column":15}},"loc":{"start":{"line":102,"column":26},"end":{"line":104,"column":9}},"line":102},"7":{"name":"(anonymous_7)","decl":{"start":{"line":115,"column":15},"end":{"line":115,"column":16}},"loc":{"start":{"line":115,"column":20},"end":{"line":123,"column":7}},"line":115},"8":{"name":"(anonymous_8)","decl":{"start":{"line":137,"column":27},"end":{"line":137,"column":28}},"loc":{"start":{"line":137,"column":32},"end":{"line":184,"column":5}},"line":137},"9":{"name":"(anonymous_9)","decl":{"start":{"line":152,"column":10},"end":{"line":152,"column":11}},"loc":{"start":{"line":152,"column":22},"end":{"line":165,"column":5}},"line":152},"10":{"name":"(anonymous_10)","decl":{"start":{"line":166,"column":11},"end":{"line":166,"column":12}},"loc":{"start":{"line":166,"column":16},"end":{"line":179,"column":5}},"line":166},"11":{"name":"(anonymous_11)","decl":{"start":{"line":185,"column":15},"end":{"line":185,"column":16}},"loc":{"start":{"line":185,"column":21},"end":{"line":192,"column":5}},"line":185},"12":{"name":"(anonymous_12)","decl":{"start":{"line":199,"column":24},"end":{"line":199,"column":25}},"loc":{"start":{"line":199,"column":38},"end":{"line":199,"column":124}},"line":199},"13":{"name":"(anonymous_13)","decl":{"start":{"line":202,"column":12},"end":{"line":202,"column":13}},"loc":{"start":{"line":202,"column":18},"end":{"line":208,"column":3}},"line":202},"14":{"name":"(anonymous_14)","decl":{"start":{"line":205,"column":10},"end":{"line":205,"column":11}},"loc":{"start":{"line":205,"column":22},"end":{"line":207,"column":5}},"line":205},"15":{"name":"(anonymous_15)","decl":{"start":{"line":212,"column":26},"end":{"line":212,"column":27}},"loc":{"start":{"line":212,"column":31},"end":{"line":241,"column":8}},"line":212},"16":{"name":"(anonymous_16)","decl":{"start":{"line":226,"column":10},"end":{"line":226,"column":11}},"loc":{"start":{"line":226,"column":22},"end":{"line":236,"column":5}},"line":226},"17":{"name":"(anonymous_17)","decl":{"start":{"line":236,"column":13},"end":{"line":236,"column":14}},"loc":{"start":{"line":236,"column":18},"end":{"line":241,"column":5}},"line":236},"18":{"name":"(anonymous_18)","decl":{"start":{"line":264,"column":26},"end":{"line":264,"column":27}},"loc":{"start":{"line":264,"column":32},"end":{"line":272,"column":3}},"line":264},"19":{"name":"(anonymous_19)","decl":{"start":{"line":267,"column":10},"end":{"line":267,"column":11}},"loc":{"start":{"line":267,"column":20},"end":{"line":271,"column":5}},"line":267},"20":{"name":"(anonymous_20)","decl":{"start":{"line":269,"column":44},"end":{"line":269,"column":45}},"loc":{"start":{"line":269,"column":47},"end":{"line":269,"column":57}},"line":269},"21":{"name":"(anonymous_21)","decl":{"start":{"line":273,"column":27},"end":{"line":273,"column":28}},"loc":{"start":{"line":273,"column":34},"end":{"line":279,"column":5}},"line":273},"22":{"name":"(anonymous_22)","decl":{"start":{"line":280,"column":26},"end":{"line":280,"column":27}},"loc":{"start":{"line":280,"column":31},"end":{"line":295,"column":5}},"line":280},"23":{"name":"(anonymous_23)","decl":{"start":{"line":297,"column":25},"end":{"line":297,"column":26}},"loc":{"start":{"line":297,"column":31},"end":{"line":300,"column":3}},"line":297},"24":{"name":"(anonymous_24)","decl":{"start":{"line":315,"column":49},"end":{"line":315,"column":50}},"loc":{"start":{"line":315,"column":53},"end":{"line":315,"column":86}},"line":315},"25":{"name":"(anonymous_25)","decl":{"start":{"line":327,"column":43},"end":{"line":327,"column":44}},"loc":{"start":{"line":327,"column":47},"end":{"line":327,"column":68}},"line":327},"26":{"name":"(anonymous_26)","decl":{"start":{"line":333,"column":24},"end":{"line":333,"column":25}},"loc":{"start":{"line":333,"column":31},"end":{"line":336,"column":5}},"line":333},"27":{"name":"(anonymous_27)","decl":{"start":{"line":337,"column":28},"end":{"line":337,"column":29}},"loc":{"start":{"line":337,"column":36},"end":{"line":340,"column":5}},"line":337},"28":{"name":"(anonymous_28)","decl":{"start":{"line":401,"column":23},"end":{"line":401,"column":24}},"loc":{"start":{"line":401,"column":27},"end":{"line":418,"column":5}},"line":401},"29":{"name":"(anonymous_29)","decl":{"start":{"line":410,"column":61},"end":{"line":410,"column":62}},"loc":{"start":{"line":410,"column":67},"end":{"line":410,"column":168}},"line":410},"30":{"name":"(anonymous_30)","decl":{"start":{"line":412,"column":60},"end":{"line":412,"column":61}},"loc":{"start":{"line":412,"column":66},"end":{"line":412,"column":167}},"line":412},"31":{"name":"(anonymous_31)","decl":{"start":{"line":424,"column":23},"end":{"line":424,"column":24}},"loc":{"start":{"line":424,"column":29},"end":{"line":447,"column":5}},"line":424},"32":{"name":"(anonymous_32)","decl":{"start":{"line":435,"column":110},"end":{"line":435,"column":111}},"loc":{"start":{"line":435,"column":115},"end":{"line":435,"column":216}},"line":435},"33":{"name":"(anonymous_33)","decl":{"start":{"line":439,"column":21},"end":{"line":439,"column":22}},"loc":{"start":{"line":439,"column":37},"end":{"line":439,"column":66}},"line":439},"34":{"name":"(anonymous_34)","decl":{"start":{"line":440,"column":23},"end":{"line":440,"column":24}},"loc":{"start":{"line":440,"column":39},"end":{"line":440,"column":64}},"line":440},"35":{"name":"(anonymous_35)","decl":{"start":{"line":450,"column":30},"end":{"line":450,"column":31}},"loc":{"start":{"line":450,"column":36},"end":{"line":484,"column":5}},"line":450},"36":{"name":"(anonymous_36)","decl":{"start":{"line":461,"column":109},"end":{"line":461,"column":110}},"loc":{"start":{"line":461,"column":115},"end":{"line":461,"column":214}},"line":461},"37":{"name":"(anonymous_37)","decl":{"start":{"line":471,"column":24},"end":{"line":471,"column":25}},"loc":{"start":{"line":471,"column":40},"end":{"line":471,"column":69}},"line":471},"38":{"name":"(anonymous_38)","decl":{"start":{"line":472,"column":23},"end":{"line":472,"column":24}},"loc":{"start":{"line":472,"column":39},"end":{"line":472,"column":64}},"line":472},"39":{"name":"(anonymous_39)","decl":{"start":{"line":473,"column":24},"end":{"line":473,"column":25}},"loc":{"start":{"line":473,"column":36},"end":{"line":473,"column":62}},"line":473},"40":{"name":"(anonymous_40)","decl":{"start":{"line":474,"column":21},"end":{"line":474,"column":22}},"loc":{"start":{"line":474,"column":37},"end":{"line":474,"column":61}},"line":474},"41":{"name":"(anonymous_41)","decl":{"start":{"line":475,"column":25},"end":{"line":475,"column":26}},"loc":{"start":{"line":475,"column":41},"end":{"line":475,"column":69}},"line":475},"42":{"name":"(anonymous_42)","decl":{"start":{"line":476,"column":21},"end":{"line":476,"column":22}},"loc":{"start":{"line":476,"column":37},"end":{"line":476,"column":62}},"line":476},"43":{"name":"(anonymous_43)","decl":{"start":{"line":477,"column":20},"end":{"line":477,"column":21}},"loc":{"start":{"line":477,"column":36},"end":{"line":477,"column":60}},"line":477},"44":{"name":"(anonymous_44)","decl":{"start":{"line":488,"column":20},"end":{"line":488,"column":21}},"loc":{"start":{"line":488,"column":24},"end":{"line":520,"column":5}},"line":488},"45":{"name":"(anonymous_45)","decl":{"start":{"line":494,"column":101},"end":{"line":494,"column":102}},"loc":{"start":{"line":494,"column":107},"end":{"line":494,"column":134}},"line":494},"46":{"name":"(anonymous_46)","decl":{"start":{"line":506,"column":23},"end":{"line":506,"column":24}},"loc":{"start":{"line":506,"column":39},"end":{"line":506,"column":64}},"line":506},"47":{"name":"(anonymous_47)","decl":{"start":{"line":507,"column":21},"end":{"line":507,"column":22}},"loc":{"start":{"line":507,"column":37},"end":{"line":507,"column":61}},"line":507},"48":{"name":"(anonymous_48)","decl":{"start":{"line":508,"column":25},"end":{"line":508,"column":26}},"loc":{"start":{"line":508,"column":41},"end":{"line":508,"column":69}},"line":508},"49":{"name":"(anonymous_49)","decl":{"start":{"line":509,"column":21},"end":{"line":509,"column":22}},"loc":{"start":{"line":509,"column":37},"end":{"line":509,"column":62}},"line":509},"50":{"name":"(anonymous_50)","decl":{"start":{"line":510,"column":20},"end":{"line":510,"column":21}},"loc":{"start":{"line":510,"column":36},"end":{"line":510,"column":60}},"line":510},"51":{"name":"(anonymous_51)","decl":{"start":{"line":512,"column":31},"end":{"line":512,"column":32}},"loc":{"start":{"line":512,"column":41},"end":{"line":512,"column":76}},"line":512},"52":{"name":"(anonymous_52)","decl":{"start":{"line":532,"column":22},"end":{"line":532,"column":23}},"loc":{"start":{"line":532,"column":26},"end":{"line":571,"column":5}},"line":532},"53":{"name":"(anonymous_53)","decl":{"start":{"line":544,"column":112},"end":{"line":544,"column":113}},"loc":{"start":{"line":544,"column":118},"end":{"line":544,"column":147}},"line":544},"54":{"name":"(anonymous_54)","decl":{"start":{"line":572,"column":21},"end":{"line":572,"column":22}},"loc":{"start":{"line":572,"column":25},"end":{"line":588,"column":5}},"line":572},"55":{"name":"(anonymous_55)","decl":{"start":{"line":583,"column":20},"end":{"line":583,"column":21}},"loc":{"start":{"line":583,"column":33},"end":{"line":583,"column":86}},"line":583},"56":{"name":"(anonymous_56)","decl":{"start":{"line":583,"column":92},"end":{"line":583,"column":93}},"loc":{"start":{"line":584,"column":10},"end":{"line":584,"column":100}},"line":584},"57":{"name":"(anonymous_57)","decl":{"start":{"line":584,"column":71},"end":{"line":584,"column":72}},"loc":{"start":{"line":584,"column":75},"end":{"line":584,"column":97}},"line":584},"58":{"name":"(anonymous_58)","decl":{"start":{"line":623,"column":29},"end":{"line":623,"column":30}},"loc":{"start":{"line":624,"column":6},"end":{"line":657,"column":12}},"line":624},"59":{"name":"(anonymous_59)","decl":{"start":{"line":626,"column":110},"end":{"line":626,"column":111}},"loc":{"start":{"line":626,"column":116},"end":{"line":626,"column":145}},"line":626},"60":{"name":"(anonymous_60)","decl":{"start":{"line":641,"column":93},"end":{"line":641,"column":94}},"loc":{"start":{"line":641,"column":105},"end":{"line":641,"column":124}},"line":641},"61":{"name":"(anonymous_61)","decl":{"start":{"line":645,"column":101},"end":{"line":645,"column":102}},"loc":{"start":{"line":645,"column":109},"end":{"line":645,"column":130}},"line":645},"62":{"name":"(anonymous_62)","decl":{"start":{"line":652,"column":33},"end":{"line":652,"column":34}},"loc":{"start":{"line":652,"column":46},"end":{"line":652,"column":99}},"line":652},"63":{"name":"(anonymous_63)","decl":{"start":{"line":652,"column":105},"end":{"line":652,"column":106}},"loc":{"start":{"line":652,"column":110},"end":{"line":652,"column":197}},"line":652},"64":{"name":"(anonymous_64)","decl":{"start":{"line":652,"column":168},"end":{"line":652,"column":169}},"loc":{"start":{"line":652,"column":172},"end":{"line":652,"column":194}},"line":652},"65":{"name":"(anonymous_65)","decl":{"start":{"line":674,"column":119},"end":{"line":674,"column":120}},"loc":{"start":{"line":674,"column":125},"end":{"line":674,"column":270}},"line":674}},"branchMap":{"0":{"loc":{"start":{"line":95,"column":44},"end":{"line":95,"column":84}},"type":"cond-expr","locations":[{"start":{"line":95,"column":67},"end":{"line":95,"column":68}},{"start":{"line":95,"column":71},"end":{"line":95,"column":84}}],"line":95},"1":{"loc":{"start":{"line":117,"column":8},"end":{"line":121,"column":9}},"type":"if","locations":[{"start":{"line":117,"column":8},"end":{"line":121,"column":9}},{"start":{"line":117,"column":8},"end":{"line":121,"column":9}}],"line":117},"2":{"loc":{"start":{"line":139,"column":5},"end":{"line":182,"column":6}},"type":"if","locations":[{"start":{"line":139,"column":5},"end":{"line":182,"column":6}},{"start":{"line":139,"column":5},"end":{"line":182,"column":6}}],"line":139},"3":{"loc":{"start":{"line":170,"column":6},"end":{"line":173,"column":7}},"type":"if","locations":[{"start":{"line":170,"column":6},"end":{"line":173,"column":7}},{"start":{"line":170,"column":6},"end":{"line":173,"column":7}}],"line":170},"4":{"loc":{"start":{"line":174,"column":6},"end":{"line":178,"column":7}},"type":"if","locations":[{"start":{"line":174,"column":6},"end":{"line":178,"column":7}},{"start":{"line":174,"column":6},"end":{"line":178,"column":7}}],"line":174},"5":{"loc":{"start":{"line":187,"column":6},"end":{"line":191,"column":7}},"type":"if","locations":[{"start":{"line":187,"column":6},"end":{"line":191,"column":7}},{"start":{"line":187,"column":6},"end":{"line":191,"column":7}}],"line":187},"6":{"loc":{"start":{"line":194,"column":4},"end":{"line":194,"column":126}},"type":"if","locations":[{"start":{"line":194,"column":4},"end":{"line":194,"column":126}},{"start":{"line":194,"column":4},"end":{"line":194,"column":126}}],"line":194},"7":{"loc":{"start":{"line":198,"column":29},"end":{"line":200,"column":16}},"type":"cond-expr","locations":[{"start":{"line":199,"column":5},"end":{"line":199,"column":125}},{"start":{"line":200,"column":5},"end":{"line":200,"column":16}}],"line":198},"8":{"loc":{"start":{"line":198,"column":29},"end":{"line":198,"column":56}},"type":"binary-expr","locations":[{"start":{"line":198,"column":29},"end":{"line":198,"column":38}},{"start":{"line":198,"column":42},"end":{"line":198,"column":56}}],"line":198},"9":{"loc":{"start":{"line":199,"column":38},"end":{"line":199,"column":124}},"type":"binary-expr","locations":[{"start":{"line":199,"column":38},"end":{"line":199,"column":72}},{"start":{"line":199,"column":76},"end":{"line":199,"column":124}}],"line":199},"10":{"loc":{"start":{"line":237,"column":6},"end":{"line":240,"column":7}},"type":"if","locations":[{"start":{"line":237,"column":6},"end":{"line":240,"column":7}},{"start":{"line":237,"column":6},"end":{"line":240,"column":7}}],"line":237},"11":{"loc":{"start":{"line":288,"column":6},"end":{"line":294,"column":7}},"type":"if","locations":[{"start":{"line":288,"column":6},"end":{"line":294,"column":7}},{"start":{"line":288,"column":6},"end":{"line":294,"column":7}}],"line":288},"12":{"loc":{"start":{"line":309,"column":5},"end":{"line":330,"column":5}},"type":"if","locations":[{"start":{"line":309,"column":5},"end":{"line":330,"column":5}},{"start":{"line":309,"column":5},"end":{"line":330,"column":5}}],"line":309},"13":{"loc":{"start":{"line":312,"column":8},"end":{"line":320,"column":9}},"type":"if","locations":[{"start":{"line":312,"column":8},"end":{"line":320,"column":9}},{"start":{"line":312,"column":8},"end":{"line":320,"column":9}}],"line":312},"14":{"loc":{"start":{"line":314,"column":12},"end":{"line":317,"column":13}},"type":"if","locations":[{"start":{"line":314,"column":12},"end":{"line":317,"column":13}},{"start":{"line":314,"column":12},"end":{"line":317,"column":13}}],"line":314},"15":{"loc":{"start":{"line":325,"column":6},"end":{"line":329,"column":7}},"type":"if","locations":[{"start":{"line":325,"column":6},"end":{"line":329,"column":7}},{"start":{"line":325,"column":6},"end":{"line":329,"column":7}}],"line":325},"16":{"loc":{"start":{"line":326,"column":8},"end":{"line":326,"column":105}},"type":"if","locations":[{"start":{"line":326,"column":8},"end":{"line":326,"column":105}},{"start":{"line":326,"column":8},"end":{"line":326,"column":105}}],"line":326},"17":{"loc":{"start":{"line":402,"column":32},"end":{"line":402,"column":61}},"type":"cond-expr","locations":[{"start":{"line":402,"column":50},"end":{"line":402,"column":56}},{"start":{"line":402,"column":59},"end":{"line":402,"column":61}}],"line":402},"18":{"loc":{"start":{"line":403,"column":33},"end":{"line":403,"column":61}},"type":"cond-expr","locations":[{"start":{"line":403,"column":50},"end":{"line":403,"column":52}},{"start":{"line":403,"column":55},"end":{"line":403,"column":61}}],"line":403},"19":{"loc":{"start":{"line":425,"column":32},"end":{"line":425,"column":58}},"type":"cond-expr","locations":[{"start":{"line":425,"column":47},"end":{"line":425,"column":53}},{"start":{"line":425,"column":56},"end":{"line":425,"column":58}}],"line":425},"20":{"loc":{"start":{"line":426,"column":32},"end":{"line":426,"column":58}},"type":"cond-expr","locations":[{"start":{"line":426,"column":47},"end":{"line":426,"column":49}},{"start":{"line":426,"column":52},"end":{"line":426,"column":58}}],"line":426},"21":{"loc":{"start":{"line":451,"column":32},"end":{"line":451,"column":65}},"type":"cond-expr","locations":[{"start":{"line":451,"column":54},"end":{"line":451,"column":60}},{"start":{"line":451,"column":63},"end":{"line":451,"column":65}}],"line":451},"22":{"loc":{"start":{"line":452,"column":33},"end":{"line":452,"column":67}},"type":"cond-expr","locations":[{"start":{"line":452,"column":56},"end":{"line":452,"column":58}},{"start":{"line":452,"column":61},"end":{"line":452,"column":67}}],"line":452},"23":{"loc":{"start":{"line":489,"column":32},"end":{"line":489,"column":56}},"type":"cond-expr","locations":[{"start":{"line":489,"column":45},"end":{"line":489,"column":51}},{"start":{"line":489,"column":54},"end":{"line":489,"column":56}}],"line":489},"24":{"loc":{"start":{"line":490,"column":33},"end":{"line":490,"column":58}},"type":"cond-expr","locations":[{"start":{"line":490,"column":47},"end":{"line":490,"column":49}},{"start":{"line":490,"column":52},"end":{"line":490,"column":58}}],"line":490},"25":{"loc":{"start":{"line":533,"column":32},"end":{"line":533,"column":58}},"type":"cond-expr","locations":[{"start":{"line":533,"column":47},"end":{"line":533,"column":53}},{"start":{"line":533,"column":56},"end":{"line":533,"column":58}}],"line":533},"26":{"loc":{"start":{"line":534,"column":33},"end":{"line":534,"column":60}},"type":"cond-expr","locations":[{"start":{"line":534,"column":49},"end":{"line":534,"column":51}},{"start":{"line":534,"column":54},"end":{"line":534,"column":60}}],"line":534},"27":{"loc":{"start":{"line":583,"column":41},"end":{"line":583,"column":85}},"type":"cond-expr","locations":[{"start":{"line":583,"column":81},"end":{"line":583,"column":82}},{"start":{"line":583,"column":83},"end":{"line":583,"column":85}}],"line":583},"28":{"loc":{"start":{"line":652,"column":54},"end":{"line":652,"column":98}},"type":"cond-expr","locations":[{"start":{"line":652,"column":94},"end":{"line":652,"column":95}},{"start":{"line":652,"column":96},"end":{"line":652,"column":98}}],"line":652},"29":{"loc":{"start":{"line":662,"column":1},"end":{"line":678,"column":10}},"type":"cond-expr","locations":[{"start":{"line":663,"column":5},"end":{"line":663,"column":97}},{"start":{"line":664,"column":4},"end":{"line":678,"column":10}}],"line":662},"30":{"loc":{"start":{"line":663,"column":5},"end":{"line":663,"column":97}},"type":"cond-expr","locations":[{"start":{"line":663,"column":29},"end":{"line":663,"column":43}},{"start":{"line":663,"column":45},"end":{"line":663,"column":97}}],"line":663},"31":{"loc":{"start":{"line":663,"column":45},"end":{"line":663,"column":97}},"type":"cond-expr","locations":[{"start":{"line":663,"column":65},"end":{"line":663,"column":77}},{"start":{"line":663,"column":78},"end":{"line":663,"column":97}}],"line":663},"32":{"loc":{"start":{"line":666,"column":8},"end":{"line":669,"column":14}},"type":"binary-expr","locations":[{"start":{"line":666,"column":8},"end":{"line":666,"column":12}},{"start":{"line":667,"column":6},"end":{"line":669,"column":14}}],"line":666},"33":{"loc":{"start":{"line":675,"column":8},"end":{"line":675,"column":109}},"type":"cond-expr","locations":[{"start":{"line":675,"column":41},"end":{"line":675,"column":53}},{"start":{"line":675,"column":54},"end":{"line":675,"column":109}}],"line":675},"34":{"loc":{"start":{"line":675,"column":54},"end":{"line":675,"column":109}},"type":"cond-expr","locations":[{"start":{"line":675,"column":75},"end":{"line":675,"column":88}},{"start":{"line":675,"column":91},"end":{"line":675,"column":109}}],"line":675},"35":{"loc":{"start":{"line":676,"column":8},"end":{"line":676,"column":43}},"type":"cond-expr","locations":[{"start":{"line":676,"column":29},"end":{"line":676,"column":40}},{"start":{"line":676,"column":41},"end":{"line":676,"column":43}}],"line":676}},"s":{"0":0,"1":0,"2":0,"3":0,"4":0,"5":0,"6":0,"7":0,"8":0,"9":0,"10":0,"11":0,"12":0,"13":0,"14":0,"15":0,"16":0,"17":0,"18":0,"19":0,"20":0,"21":0,"22":0,"23":0,"24":0,"25":0,"26":0,"27":0,"28":0,"29":0,"30":0,"31":0,"32":0,"33":0,"34":0,"35":0,"36":0,"37":0,"38":0,"39":0,"40":0,"41":0,"42":0,"43":0,"44":0,"45":0,"46":0,"47":0,"48":0,"49":0,"50":0,"51":0,"52":0,"53":0,"54":0,"55":0,"56":0,"57":0,"58":0,"59":0,"60":0,"61":0,"62":0,"63":0,"64":0,"65":0,"66":0,"67":0,"68":0,"69":0,"70":0,"71":0,"72":0,"73":0,"74":0,"75":0,"76":0,"77":0,"78":0,"79":0,"80":0,"81":0,"82":0,"83":0,"84":0,"85":0,"86":0,"87":0,"88":0,"89":0,"90":0,"91":0,"92":0,"93":0,"94":0,"95":0,"96":0,"97":0,"98":0,"99":0,"100":0,"101":0,"102":0,"103":0,"104":0,"105":0,"106":0,"107":0,"108":0,"109":0,"110":0,"111":0,"112":0,"113":0,"114":0,"115":0,"116":0,"117":0,"118":0,"119":0,"120":0,"121":0,"122":0,"123":0,"124":0,"125":0,"126":0,"127":0,"128":0,"129":0,"130":0,"131":0,"132":0,"133":0,"134":0,"135":0,"136":0,"137":0,"138":0,"139":0,"140":0,"141":0,"142":0,"143":0,"144":0,"145":0,"146":0,"147":0,"148":0,"149":0,"150":0,"151":0,"152":0,"153":0,"154":0,"155":0,"156":0,"157":0,"158":0,"159":0,"160":0,"161":0,"162":0,"163":0,"164":0,"165":0,"166":0,"167":0,"168":0,"169":0,"170":0,"171":0,"172":0,"173":0,"174":0,"175":0,"176":0,"177":0,"178":0,"179":0,"180":0,"181":0,"182":0,"183":0,"184":0,"185":0,"186":0,"187":0,"188":0,"189":0,"190":0,"191":0,"192":0,"193":0,"194":0,"195":0,"196":0,"197":0,"198":0,"199":0,"200":0,"201":0,"202":0,"203":0,"204":0,"205":0,"206":0,"207":0,"208":0,"209":0,"210":0,"211":0,"212":0,"213":0,"214":0,"215":0,"216":0,"217":0,"218":0,"219":0,"220":0,"221":0,"222":0,"223":0,"224":0,"225":0,"226":0,"227":0,"228":0,"229":0,"230":0,"231":0,"232":0,"233":0,"234":0,"235":0,"236":0,"237":0},"f":{"0":0,"1":0,"2":0,"3":0,"4":0,"5":0,"6":0,"7":0,"8":0,"9":0,"10":0,"11":0,"12":0,"13":0,"14":0,"15":0,"16":0,"17":0,"18":0,"19":0,"20":0,"21":0,"22":0,"23":0,"24":0,"25":0,"26":0,"27":0,"28":0,"29":0,"30":0,"31":0,"32":0,"33":0,"34":0,"35":0,"36":0,"37":0,"38":0,"39":0,"40":0,"41":0,"42":0,"43":0,"44":0,"45":0,"46":0,"47":0,"48":0,"49":0,"50":0,"51":0,"52":0,"53":0,"54":0,"55":0,"56":0,"57":0,"58":0,"59":0,"60":0,"61":0,"62":0,"63":0,"64":0,"65":0},"b":{"0":[0,0],"1":[0,0],"2":[0,0],"3":[0,0],"4":[0,0],"5":[0,0],"6":[0,0],"7":[0,0],"8":[0,0],"9":[0,0],"10":[0,0],"11":[0,0],"12":[0,0],"13":[0,0],"14":[0,0],"15":[0,0],"16":[0,0],"17":[0,0],"18":[0,0],"19":[0,0],"20":[0,0],"21":[0,0],"22":[0,0],"23":[0,0],"24":[0,0],"25":[0,0],"26":[0,0],"27":[0,0],"28":[0,0],"29":[0,0],"30":[0,0],"31":[0,0],"32":[0,0],"33":[0,0],"34":[0,0],"35":[0,0]}}
,"C:\\Users\\Administrator\\Desktop\\Projekt_okviri\\projekt-adragicevic98\\frontend\\src\\index.js": {"path":"C:\\Users\\Administrator\\Desktop\\Projekt_okviri\\projekt-adragicevic98\\frontend\\src\\index.js","statementMap":{"0":{"start":{"line":8,"column":0},"end":{"line":8,"column":55}}},"fnMap":{},"branchMap":{},"s":{"0":0},"f":{},"b":{}}
,"C:\\Users\\Administrator\\Desktop\\Projekt_okviri\\projekt-adragicevic98\\frontend\\src\\components\\DateCalendar.js": {"path":"C:\\Users\\Administrator\\Desktop\\Projekt_okviri\\projekt-adragicevic98\\frontend\\src\\components\\DateCalendar.js","statementMap":{"0":{"start":{"line":7,"column":36},"end":{"line":7,"column":56}},"1":{"start":{"line":8,"column":21},"end":{"line":10,"column":3}},"2":{"start":{"line":9,"column":4},"end":{"line":9,"column":19}},"3":{"start":{"line":14,"column":12},"end":{"line":14,"column":30}},"4":{"start":{"line":15,"column":14},"end":{"line":15,"column":46}},"5":{"start":{"line":17,"column":0},"end":{"line":17,"column":24}},"6":{"start":{"line":19,"column":2},"end":{"line":33,"column":3}}},"fnMap":{"0":{"name":"DateCalendar","decl":{"start":{"line":6,"column":24},"end":{"line":6,"column":36}},"loc":{"start":{"line":6,"column":44},"end":{"line":34,"column":1}},"line":6},"1":{"name":"(anonymous_1)","decl":{"start":{"line":8,"column":21},"end":{"line":8,"column":22}},"loc":{"start":{"line":8,"column":28},"end":{"line":10,"column":3}},"line":8}},"branchMap":{},"s":{"0":0,"1":0,"2":0,"3":0,"4":0,"5":0,"6":0},"f":{"0":0,"1":0},"b":{}}
,"C:\\Users\\Administrator\\Desktop\\Projekt_okviri\\projekt-adragicevic98\\frontend\\src\\components\\Dropdown.js": {"path":"C:\\Users\\Administrator\\Desktop\\Projekt_okviri\\projekt-adragicevic98\\frontend\\src\\components\\Dropdown.js","statementMap":{"0":{"start":{"line":4,"column":4},"end":{"line":11,"column":8}},"1":{"start":{"line":8,"column":20},"end":{"line":8,"column":72}}},"fnMap":{"0":{"name":"Dropdown","decl":{"start":{"line":3,"column":9},"end":{"line":3,"column":17}},"loc":{"start":{"line":3,"column":25},"end":{"line":12,"column":1}},"line":3},"1":{"name":"(anonymous_1)","decl":{"start":{"line":7,"column":34},"end":{"line":7,"column":35}},"loc":{"start":{"line":8,"column":20},"end":{"line":8,"column":72}},"line":8}},"branchMap":{"0":{"loc":{"start":{"line":6,"column":13},"end":{"line":8,"column":73}},"type":"binary-expr","locations":[{"start":{"line":6,"column":13},"end":{"line":6,"column":26}},{"start":{"line":7,"column":16},"end":{"line":8,"column":73}}],"line":6}},"s":{"0":0,"1":0},"f":{"0":0,"1":0},"b":{"0":[0,0]},"_coverageSchema":"1a1c01bbd47fc00a2c39e90264f33305004495a9","hash":"feb6cb0b4a0509bad8c7fd3a16f2836f19f17662"}
,"C:\\Users\\Administrator\\Desktop\\Projekt_okviri\\projekt-adragicevic98\\frontend\\src\\components\\EditForma.js": {"path":"C:\\Users\\Administrator\\Desktop\\Projekt_okviri\\projekt-adragicevic98\\frontend\\src\\components\\EditForma.js","statementMap":{"0":{"start":{"line":6,"column":13},"end":{"line":8,"column":1}},"1":{"start":{"line":9,"column":18},"end":{"line":51,"column":3}},"2":{"start":{"line":26,"column":6},"end":{"line":49,"column":8}}},"fnMap":{"0":{"name":"(anonymous_0)","decl":{"start":{"line":9,"column":18},"end":{"line":9,"column":19}},"loc":{"start":{"line":26,"column":6},"end":{"line":49,"column":8}},"line":26}},"branchMap":{},"s":{"0":1,"1":1,"2":0},"f":{"0":0},"b":{},"_coverageSchema":"1a1c01bbd47fc00a2c39e90264f33305004495a9","hash":"3450211b6df6fb402fd733e3f12c984cb773ac60"}
,"C:\\Users\\Administrator\\Desktop\\Projekt_okviri\\projekt-adragicevic98\\frontend\\src\\components\\LoginForma.js": {"path":"C:\\Users\\Administrator\\Desktop\\Projekt_okviri\\projekt-adragicevic98\\frontend\\src\\components\\LoginForma.js","statementMap":{"0":{"start":{"line":4,"column":13},"end":{"line":6,"column":1}},"1":{"start":{"line":8,"column":19},"end":{"line":30,"column":1}},"2":{"start":{"line":15,"column":2},"end":{"line":28,"column":13}}},"fnMap":{"0":{"name":"(anonymous_0)","decl":{"start":{"line":8,"column":19},"end":{"line":8,"column":20}},"loc":{"start":{"line":15,"column":2},"end":{"line":28,"column":13}},"line":15}},"branchMap":{},"s":{"0":1,"1":1,"2":1},"f":{"0":1},"b":{},"_coverageSchema":"1a1c01bbd47fc00a2c39e90264f33305004495a9","hash":"2c2dfd72af4eb1999c1839d96fc77124eb5e6810"}
,"C:\\Users\\Administrator\\Desktop\\Projekt_okviri\\projekt-adragicevic98\\frontend\\src\\components\\PocetnaForma.js": {"path":"C:\\Users\\Administrator\\Desktop\\Projekt_okviri\\projekt-adragicevic98\\frontend\\src\\components\\PocetnaForma.js","statementMap":{"0":{"start":{"line":3,"column":21},"end":{"line":14,"column":1}},"1":{"start":{"line":10,"column":2},"end":{"line":13,"column":9}}},"fnMap":{"0":{"name":"(anonymous_0)","decl":{"start":{"line":3,"column":21},"end":{"line":3,"column":22}},"loc":{"start":{"line":10,"column":2},"end":{"line":13,"column":9}},"line":10}},"branchMap":{},"s":{"0":0,"1":0},"f":{"0":0},"b":{}}
,"C:\\Users\\Administrator\\Desktop\\Projekt_okviri\\projekt-adragicevic98\\frontend\\src\\components\\ProfilForma.js": {"path":"C:\\Users\\Administrator\\Desktop\\Projekt_okviri\\projekt-adragicevic98\\frontend\\src\\components\\ProfilForma.js","statementMap":{"0":{"start":{"line":2,"column":11},"end":{"line":7,"column":1}},"1":{"start":{"line":8,"column":20},"end":{"line":35,"column":3}},"2":{"start":{"line":16,"column":4},"end":{"line":34,"column":9}}},"fnMap":{"0":{"name":"(anonymous_0)","decl":{"start":{"line":8,"column":20},"end":{"line":8,"column":21}},"loc":{"start":{"line":16,"column":4},"end":{"line":34,"column":9}},"line":16}},"branchMap":{},"s":{"0":0,"1":0,"2":0},"f":{"0":0},"b":{}}
,"C:\\Users\\Administrator\\Desktop\\Projekt_okviri\\projekt-adragicevic98\\frontend\\src\\components\\RegistracijaForma.js": {"path":"C:\\Users\\Administrator\\Desktop\\Projekt_okviri\\projekt-adragicevic98\\frontend\\src\\components\\RegistracijaForma.js","statementMap":{"0":{"start":{"line":6,"column":12},"end":{"line":8,"column":1}},"1":{"start":{"line":10,"column":26},"end":{"line":54,"column":3}},"2":{"start":{"line":27,"column":4},"end":{"line":53,"column":9}}},"fnMap":{"0":{"name":"(anonymous_0)","decl":{"start":{"line":10,"column":26},"end":{"line":10,"column":27}},"loc":{"start":{"line":27,"column":4},"end":{"line":53,"column":9}},"line":27}},"branchMap":{},"s":{"0":0,"1":0,"2":0},"f":{"0":0},"b":{}}
,"C:\\Users\\Administrator\\Desktop\\Projekt_okviri\\projekt-adragicevic98\\frontend\\src\\components\\Rezervacija.js": {"path":"C:\\Users\\Administrator\\Desktop\\Projekt_okviri\\projekt-adragicevic98\\frontend\\src\\components\\Rezervacija.js","statementMap":{"0":{"start":{"line":7,"column":13},"end":{"line":9,"column":1}},"1":{"start":{"line":11,"column":19},"end":{"line":18,"column":1}},"2":{"start":{"line":12,"column":4},"end":{"line":17,"column":5}}},"fnMap":{"0":{"name":"(anonymous_0)","decl":{"start":{"line":11,"column":19},"end":{"line":11,"column":20}},"loc":{"start":{"line":11,"column":53},"end":{"line":18,"column":1}},"line":11}},"branchMap":{},"s":{"0":1,"1":1,"2":3},"f":{"0":3},"b":{},"_coverageSchema":"1a1c01bbd47fc00a2c39e90264f33305004495a9","hash":"ee49aee2bd9884c7951fa56222710145e1d179ed"}
,"C:\\Users\\Administrator\\Desktop\\Projekt_okviri\\projekt-adragicevic98\\frontend\\src\\components\\RezervacijaKor.js": {"path":"C:\\Users\\Administrator\\Desktop\\Projekt_okviri\\projekt-adragicevic98\\frontend\\src\\components\\RezervacijaKor.js","statementMap":{"0":{"start":{"line":4,"column":22},"end":{"line":11,"column":1}},"1":{"start":{"line":5,"column":4},"end":{"line":10,"column":5}}},"fnMap":{"0":{"name":"(anonymous_0)","decl":{"start":{"line":4,"column":22},"end":{"line":4,"column":23}},"loc":{"start":{"line":4,"column":56},"end":{"line":11,"column":1}},"line":4}},"branchMap":{},"s":{"0":0,"1":0},"f":{"0":0},"b":{}}
,"C:\\Users\\Administrator\\Desktop\\Projekt_okviri\\projekt-adragicevic98\\frontend\\src\\components\\Tretman.js": {"path":"C:\\Users\\Administrator\\Desktop\\Projekt_okviri\\projekt-adragicevic98\\frontend\\src\\components\\Tretman.js","statementMap":{"0":{"start":{"line":2,"column":16},"end":{"line":18,"column":3}},"1":{"start":{"line":4,"column":36},"end":{"line":4,"column":150}},"2":{"start":{"line":5,"column":16},"end":{"line":6,"column":5}},"3":{"start":{"line":5,"column":36},"end":{"line":5,"column":39}},"4":{"start":{"line":7,"column":33},"end":{"line":7,"column":82}},"5":{"start":{"line":7,"column":40},"end":{"line":7,"column":82}},"6":{"start":{"line":9,"column":4},"end":{"line":16,"column":17}},"7":{"start":{"line":11,"column":23},"end":{"line":11,"column":46}},"8":{"start":{"line":14,"column":36},"end":{"line":14,"column":84}}},"fnMap":{"0":{"name":"(anonymous_0)","decl":{"start":{"line":2,"column":16},"end":{"line":2,"column":17}},"loc":{"start":{"line":2,"column":27},"end":{"line":18,"column":3}},"line":2},"1":{"name":"(anonymous_1)","decl":{"start":{"line":5,"column":29},"end":{"line":5,"column":30}},"loc":{"start":{"line":5,"column":36},"end":{"line":5,"column":39}},"line":5},"2":{"name":"(anonymous_2)","decl":{"start":{"line":7,"column":33},"end":{"line":7,"column":34}},"loc":{"start":{"line":7,"column":40},"end":{"line":7,"column":82}},"line":7},"3":{"name":"(anonymous_3)","decl":{"start":{"line":11,"column":18},"end":{"line":11,"column":19}},"loc":{"start":{"line":11,"column":23},"end":{"line":11,"column":46}},"line":11},"4":{"name":"(anonymous_4)","decl":{"start":{"line":14,"column":18},"end":{"line":14,"column":19}},"loc":{"start":{"line":14,"column":36},"end":{"line":14,"column":84}},"line":14}},"branchMap":{},"s":{"0":0,"1":0,"2":0,"3":0,"4":0,"5":0,"6":0,"7":0,"8":0},"f":{"0":0,"1":0,"2":0,"3":0,"4":0},"b":{}}
,"C:\\Users\\Administrator\\Desktop\\Projekt_okviri\\projekt-adragicevic98\\frontend\\src\\services\\korisnici.js": {"path":"C:\\Users\\Administrator\\Desktop\\Projekt_okviri\\projekt-adragicevic98\\frontend\\src\\services\\korisnici.js","statementMap":{"0":{"start":{"line":2,"column":19},"end":{"line":2,"column":56}},"1":{"start":{"line":4,"column":19},"end":{"line":6,"column":1}},"2":{"start":{"line":5,"column":4},"end":{"line":5,"column":33}},"3":{"start":{"line":8,"column":15},"end":{"line":10,"column":1}},"4":{"start":{"line":9,"column":4},"end":{"line":9,"column":45}},"5":{"start":{"line":12,"column":16},"end":{"line":14,"column":1}},"6":{"start":{"line":13,"column":4},"end":{"line":13,"column":55}},"7":{"start":{"line":15,"column":12},"end":{"line":17,"column":1}},"8":{"start":{"line":16,"column":4},"end":{"line":16,"column":46}}},"fnMap":{"0":{"name":"(anonymous_0)","decl":{"start":{"line":4,"column":19},"end":{"line":4,"column":20}},"loc":{"start":{"line":4,"column":25},"end":{"line":6,"column":1}},"line":4},"1":{"name":"(anonymous_1)","decl":{"start":{"line":8,"column":15},"end":{"line":8,"column":16}},"loc":{"start":{"line":8,"column":29},"end":{"line":10,"column":1}},"line":8},"2":{"name":"(anonymous_2)","decl":{"start":{"line":12,"column":16},"end":{"line":12,"column":17}},"loc":{"start":{"line":12,"column":36},"end":{"line":14,"column":1}},"line":12},"3":{"name":"(anonymous_3)","decl":{"start":{"line":15,"column":12},"end":{"line":15,"column":13}},"loc":{"start":{"line":15,"column":16},"end":{"line":17,"column":1}},"line":15}},"branchMap":{},"s":{"0":0,"1":0,"2":0,"3":0,"4":0,"5":0,"6":0,"7":0,"8":0},"f":{"0":0,"1":0,"2":0,"3":0},"b":{}}
,"C:\\Users\\Administrator\\Desktop\\Projekt_okviri\\projekt-adragicevic98\\frontend\\src\\services\\login.js": {"path":"C:\\Users\\Administrator\\Desktop\\Projekt_okviri\\projekt-adragicevic98\\frontend\\src\\services\\login.js","statementMap":{"0":{"start":{"line":2,"column":19},"end":{"line":2,"column":52}},"1":{"start":{"line":4,"column":16},"end":{"line":7,"column":1}},"2":{"start":{"line":5,"column":18},"end":{"line":5,"column":54}},"3":{"start":{"line":6,"column":2},"end":{"line":6,"column":21}}},"fnMap":{"0":{"name":"(anonymous_0)","decl":{"start":{"line":4,"column":16},"end":{"line":4,"column":17}},"loc":{"start":{"line":4,"column":32},"end":{"line":7,"column":1}},"line":4}},"branchMap":{},"s":{"0":0,"1":0,"2":0,"3":0},"f":{"0":0},"b":{}}
,"C:\\Users\\Administrator\\Desktop\\Projekt_okviri\\projekt-adragicevic98\\frontend\\src\\services\\rezervacije.js": {"path":"C:\\Users\\Administrator\\Desktop\\Projekt_okviri\\projekt-adragicevic98\\frontend\\src\\services\\rezervacije.js","statementMap":{"0":{"start":{"line":2,"column":19},"end":{"line":2,"column":58}},"1":{"start":{"line":3,"column":12},"end":{"line":3,"column":16}},"2":{"start":{"line":4,"column":21},"end":{"line":6,"column":1}},"3":{"start":{"line":5,"column":4},"end":{"line":5,"column":33}},"4":{"start":{"line":8,"column":19},"end":{"line":10,"column":1}},"5":{"start":{"line":9,"column":4},"end":{"line":9,"column":33}},"6":{"start":{"line":11,"column":15},"end":{"line":17,"column":1}},"7":{"start":{"line":12,"column":17},"end":{"line":14,"column":5}},"8":{"start":{"line":15,"column":18},"end":{"line":15,"column":64}},"9":{"start":{"line":16,"column":4},"end":{"line":16,"column":18}},"10":{"start":{"line":19,"column":16},"end":{"line":21,"column":1}},"11":{"start":{"line":20,"column":4},"end":{"line":20,"column":55}},"12":{"start":{"line":22,"column":12},"end":{"line":24,"column":1}},"13":{"start":{"line":23,"column":4},"end":{"line":23,"column":46}}},"fnMap":{"0":{"name":"(anonymous_0)","decl":{"start":{"line":4,"column":21},"end":{"line":4,"column":22}},"loc":{"start":{"line":4,"column":34},"end":{"line":6,"column":1}},"line":4},"1":{"name":"(anonymous_1)","decl":{"start":{"line":8,"column":19},"end":{"line":8,"column":20}},"loc":{"start":{"line":8,"column":25},"end":{"line":10,"column":1}},"line":8},"2":{"name":"(anonymous_2)","decl":{"start":{"line":11,"column":15},"end":{"line":11,"column":16}},"loc":{"start":{"line":11,"column":35},"end":{"line":17,"column":1}},"line":11},"3":{"name":"(anonymous_3)","decl":{"start":{"line":19,"column":16},"end":{"line":19,"column":17}},"loc":{"start":{"line":19,"column":36},"end":{"line":21,"column":1}},"line":19},"4":{"name":"(anonymous_4)","decl":{"start":{"line":22,"column":12},"end":{"line":22,"column":13}},"loc":{"start":{"line":22,"column":16},"end":{"line":24,"column":1}},"line":22}},"branchMap":{},"s":{"0":0,"1":0,"2":0,"3":0,"4":0,"5":0,"6":0,"7":0,"8":0,"9":0,"10":0,"11":0,"12":0,"13":0},"f":{"0":0,"1":0,"2":0,"3":0,"4":0},"b":{}}
}
