TN:
SF:src\App.js
FN:29,(anonymous_0)
FN:55,(anonymous_1)
FN:65,(anonymous_2)
FN:77,(anonymous_3)
FN:91,(anonymous_4)
FN:95,(anonymous_5)
FN:102,(anonymous_6)
FN:115,(anonymous_7)
FN:137,(anonymous_8)
FN:152,(anonymous_9)
FN:166,(anonymous_10)
FN:185,(anonymous_11)
FN:199,(anonymous_12)
FN:202,(anonymous_13)
FN:205,(anonymous_14)
FN:212,(anonymous_15)
FN:226,(anonymous_16)
FN:236,(anonymous_17)
FN:264,(anonymous_18)
FN:267,(anonymous_19)
FN:269,(anonymous_20)
FN:273,(anonymous_21)
FN:280,(anonymous_22)
FN:297,(anonymous_23)
FN:315,(anonymous_24)
FN:327,(anonymous_25)
FN:333,(anonymous_26)
FN:337,(anonymous_27)
FN:401,(anonymous_28)
FN:410,(anonymous_29)
FN:412,(anonymous_30)
FN:424,(anonymous_31)
FN:435,(anonymous_32)
FN:439,(anonymous_33)
FN:440,(anonymous_34)
FN:450,(anonymous_35)
FN:461,(anonymous_36)
FN:471,(anonymous_37)
FN:472,(anonymous_38)
FN:473,(anonymous_39)
FN:474,(anonymous_40)
FN:475,(anonymous_41)
FN:476,(anonymous_42)
FN:477,(anonymous_43)
FN:488,(anonymous_44)
FN:494,(anonymous_45)
FN:506,(anonymous_46)
FN:507,(anonymous_47)
FN:508,(anonymous_48)
FN:509,(anonymous_49)
FN:510,(anonymous_50)
FN:512,(anonymous_51)
FN:532,(anonymous_52)
FN:544,(anonymous_53)
FN:572,(anonymous_54)
FN:583,(anonymous_55)
FN:583,(anonymous_56)
FN:584,(anonymous_57)
FN:623,(anonymous_58)
FN:626,(anonymous_59)
FN:641,(anonymous_60)
FN:645,(anonymous_61)
FN:652,(anonymous_62)
FN:652,(anonymous_63)
FN:652,(anonymous_64)
FN:674,(anonymous_65)
FNF:66
FNH:0
FNDA:0,(anonymous_0)
FNDA:0,(anonymous_1)
FNDA:0,(anonymous_2)
FNDA:0,(anonymous_3)
FNDA:0,(anonymous_4)
FNDA:0,(anonymous_5)
FNDA:0,(anonymous_6)
FNDA:0,(anonymous_7)
FNDA:0,(anonymous_8)
FNDA:0,(anonymous_9)
FNDA:0,(anonymous_10)
FNDA:0,(anonymous_11)
FNDA:0,(anonymous_12)
FNDA:0,(anonymous_13)
FNDA:0,(anonymous_14)
FNDA:0,(anonymous_15)
FNDA:0,(anonymous_16)
FNDA:0,(anonymous_17)
FNDA:0,(anonymous_18)
FNDA:0,(anonymous_19)
FNDA:0,(anonymous_20)
FNDA:0,(anonymous_21)
FNDA:0,(anonymous_22)
FNDA:0,(anonymous_23)
FNDA:0,(anonymous_24)
FNDA:0,(anonymous_25)
FNDA:0,(anonymous_26)
FNDA:0,(anonymous_27)
FNDA:0,(anonymous_28)
FNDA:0,(anonymous_29)
FNDA:0,(anonymous_30)
FNDA:0,(anonymous_31)
FNDA:0,(anonymous_32)
FNDA:0,(anonymous_33)
FNDA:0,(anonymous_34)
FNDA:0,(anonymous_35)
FNDA:0,(anonymous_36)
FNDA:0,(anonymous_37)
FNDA:0,(anonymous_38)
FNDA:0,(anonymous_39)
FNDA:0,(anonymous_40)
FNDA:0,(anonymous_41)
FNDA:0,(anonymous_42)
FNDA:0,(anonymous_43)
FNDA:0,(anonymous_44)
FNDA:0,(anonymous_45)
FNDA:0,(anonymous_46)
FNDA:0,(anonymous_47)
FNDA:0,(anonymous_48)
FNDA:0,(anonymous_49)
FNDA:0,(anonymous_50)
FNDA:0,(anonymous_51)
FNDA:0,(anonymous_52)
FNDA:0,(anonymous_53)
FNDA:0,(anonymous_54)
FNDA:0,(anonymous_55)
FNDA:0,(anonymous_56)
FNDA:0,(anonymous_57)
FNDA:0,(anonymous_58)
FNDA:0,(anonymous_59)
FNDA:0,(anonymous_60)
FNDA:0,(anonymous_61)
FNDA:0,(anonymous_62)
FNDA:0,(anonymous_63)
FNDA:0,(anonymous_64)
FNDA:0,(anonymous_65)
DA:29,0
DA:30,0
DA:31,0
DA:32,0
DA:33,0
DA:34,0
DA:35,0
DA:36,0
DA:37,0
DA:38,0
DA:39,0
DA:40,0
DA:41,0
DA:42,0
DA:43,0
DA:44,0
DA:45,0
DA:46,0
DA:47,0
DA:48,0
DA:49,0
DA:50,0
DA:51,0
DA:52,0
DA:54,0
DA:55,0
DA:56,0
DA:57,0
DA:58,0
DA:61,0
DA:62,0
DA:63,0
DA:64,0
DA:65,0
DA:66,0
DA:68,0
DA:69,0
DA:70,0
DA:71,0
DA:72,0
DA:74,0
DA:77,0
DA:78,0
DA:79,0
DA:89,0
DA:90,0
DA:92,0
DA:95,0
DA:99,0
DA:100,0
DA:103,0
DA:108,0
DA:117,0
DA:120,0
DA:124,0
DA:125,0
DA:137,0
DA:138,0
DA:139,0
DA:140,0
DA:150,0
DA:153,0
DA:156,0
DA:157,0
DA:158,0
DA:159,0
DA:160,0
DA:161,0
DA:162,0
DA:163,0
DA:167,0
DA:168,0
DA:169,0
DA:170,0
DA:172,0
DA:174,0
DA:175,0
DA:176,0
DA:177,0
DA:181,0
DA:185,0
DA:186,0
DA:187,0
DA:188,0
DA:189,0
DA:190,0
DA:193,0
DA:194,0
DA:198,0
DA:199,0
DA:202,0
DA:203,0
DA:206,0
DA:210,0
DA:212,0
DA:213,0
DA:216,0
DA:224,0
DA:227,0
DA:230,0
DA:231,0
DA:233,0
DA:237,0
DA:239,0
DA:264,0
DA:265,0
DA:268,0
DA:269,0
DA:273,0
DA:274,0
DA:275,0
DA:276,0
DA:280,0
DA:281,0
DA:288,0
DA:289,0
DA:290,0
DA:291,0
DA:293,0
DA:297,0
DA:298,0
DA:299,0
DA:301,0
DA:309,0
DA:310,0
DA:311,0
DA:312,0
DA:313,0
DA:314,0
DA:315,0
DA:316,0
DA:321,0
DA:324,0
DA:325,0
DA:326,0
DA:327,0
DA:328,0
DA:333,0
DA:334,0
DA:335,0
DA:337,0
DA:338,0
DA:339,0
DA:341,0
DA:374,0
DA:381,0
DA:389,0
DA:397,0
DA:401,0
DA:402,0
DA:403,0
DA:404,0
DA:410,0
DA:412,0
DA:419,0
DA:424,0
DA:425,0
DA:426,0
DA:427,0
DA:435,0
DA:439,0
DA:440,0
DA:448,0
DA:450,0
DA:451,0
DA:452,0
DA:454,0
DA:461,0
DA:471,0
DA:472,0
DA:473,0
DA:474,0
DA:475,0
DA:476,0
DA:477,0
DA:485,0
DA:488,0
DA:489,0
DA:490,0
DA:491,0
DA:494,0
DA:506,0
DA:507,0
DA:508,0
DA:509,0
DA:510,0
DA:512,0
DA:521,0
DA:529,0
DA:532,0
DA:533,0
DA:534,0
DA:536,0
DA:537,0
DA:544,0
DA:572,0
DA:576,0
DA:578,0
DA:583,0
DA:584,0
DA:589,0
DA:593,0
DA:599,0
DA:605,0
DA:610,0
DA:613,0
DA:617,0
DA:623,0
DA:624,0
DA:626,0
DA:641,0
DA:645,0
DA:652,0
DA:659,0
DA:674,0
LF:215
LH:0
BRDA:95,0,0,0
BRDA:95,0,1,0
BRDA:117,1,0,0
BRDA:117,1,1,0
BRDA:139,2,0,0
BRDA:139,2,1,0
BRDA:170,3,0,0
BRDA:170,3,1,0
BRDA:174,4,0,0
BRDA:174,4,1,0
BRDA:187,5,0,0
BRDA:187,5,1,0
BRDA:194,6,0,0
BRDA:194,6,1,0
BRDA:198,7,0,0
BRDA:198,7,1,0
BRDA:198,8,0,0
BRDA:198,8,1,0
BRDA:199,9,0,0
BRDA:199,9,1,0
BRDA:237,10,0,0
BRDA:237,10,1,0
BRDA:288,11,0,0
BRDA:288,11,1,0
BRDA:309,12,0,0
BRDA:309,12,1,0
BRDA:312,13,0,0
BRDA:312,13,1,0
BRDA:314,14,0,0
BRDA:314,14,1,0
BRDA:325,15,0,0
BRDA:325,15,1,0
BRDA:326,16,0,0
BRDA:326,16,1,0
BRDA:402,17,0,0
BRDA:402,17,1,0
BRDA:403,18,0,0
BRDA:403,18,1,0
BRDA:425,19,0,0
BRDA:425,19,1,0
BRDA:426,20,0,0
BRDA:426,20,1,0
BRDA:451,21,0,0
BRDA:451,21,1,0
BRDA:452,22,0,0
BRDA:452,22,1,0
BRDA:489,23,0,0
BRDA:489,23,1,0
BRDA:490,24,0,0
BRDA:490,24,1,0
BRDA:533,25,0,0
BRDA:533,25,1,0
BRDA:534,26,0,0
BRDA:534,26,1,0
BRDA:583,27,0,0
BRDA:583,27,1,0
BRDA:652,28,0,0
BRDA:652,28,1,0
BRDA:662,29,0,0
BRDA:662,29,1,0
BRDA:663,30,0,0
BRDA:663,30,1,0
BRDA:663,31,0,0
BRDA:663,31,1,0
BRDA:666,32,0,0
BRDA:666,32,1,0
BRDA:675,33,0,0
BRDA:675,33,1,0
BRDA:675,34,0,0
BRDA:675,34,1,0
BRDA:676,35,0,0
BRDA:676,35,1,0
BRF:72
BRH:0
end_of_record
TN:
SF:src\index.js
FNF:0
FNH:0
DA:8,0
LF:1
LH:0
BRF:0
BRH:0
end_of_record
TN:
SF:src\components\DateCalendar.js
FN:6,DateCalendar
FN:8,(anonymous_1)
FNF:2
FNH:0
FNDA:0,DateCalendar
FNDA:0,(anonymous_1)
DA:7,0
DA:8,0
DA:9,0
DA:14,0
DA:15,0
DA:17,0
DA:19,0
LF:7
LH:0
BRF:0
BRH:0
end_of_record
TN:
SF:src\components\Dropdown.js
FN:3,Dropdown
FN:7,(anonymous_1)
FNF:2
FNH:0
FNDA:0,Dropdown
FNDA:0,(anonymous_1)
DA:4,0
DA:8,0
LF:2
LH:0
BRDA:6,0,0,0
BRDA:6,0,1,0
BRF:2
BRH:0
end_of_record
TN:
SF:src\components\EditForma.js
FN:9,(anonymous_0)
FNF:1
FNH:0
FNDA:0,(anonymous_0)
DA:6,1
DA:9,1
DA:26,0
LF:3
LH:2
BRF:0
BRH:0
end_of_record
TN:
SF:src\components\LoginForma.js
FN:8,(anonymous_0)
FNF:1
FNH:1
FNDA:1,(anonymous_0)
DA:4,1
DA:8,1
DA:15,1
LF:3
LH:3
BRF:0
BRH:0
end_of_record
TN:
SF:src\components\PocetnaForma.js
FN:3,(anonymous_0)
FNF:1
FNH:0
FNDA:0,(anonymous_0)
DA:3,0
DA:10,0
LF:2
LH:0
BRF:0
BRH:0
end_of_record
TN:
SF:src\components\ProfilForma.js
FN:8,(anonymous_0)
FNF:1
FNH:0
FNDA:0,(anonymous_0)
DA:2,0
DA:8,0
DA:16,0
LF:3
LH:0
BRF:0
BRH:0
end_of_record
TN:
SF:src\components\RegistracijaForma.js
FN:10,(anonymous_0)
FNF:1
FNH:0
FNDA:0,(anonymous_0)
DA:6,0
DA:10,0
DA:27,0
LF:3
LH:0
BRF:0
BRH:0
end_of_record
TN:
SF:src\components\Rezervacija.js
FN:11,(anonymous_0)
FNF:1
FNH:1
FNDA:3,(anonymous_0)
DA:7,1
DA:11,1
DA:12,3
LF:3
LH:3
BRF:0
BRH:0
end_of_record
TN:
SF:src\components\RezervacijaKor.js
FN:4,(anonymous_0)
FNF:1
FNH:0
FNDA:0,(anonymous_0)
DA:4,0
DA:5,0
LF:2
LH:0
BRF:0
BRH:0
end_of_record
TN:
SF:src\components\Tretman.js
FN:2,(anonymous_0)
FN:5,(anonymous_1)
FN:7,(anonymous_2)
FN:11,(anonymous_3)
FN:14,(anonymous_4)
FNF:5
FNH:0
FNDA:0,(anonymous_0)
FNDA:0,(anonymous_1)
FNDA:0,(anonymous_2)
FNDA:0,(anonymous_3)
FNDA:0,(anonymous_4)
DA:2,0
DA:4,0
DA:5,0
DA:7,0
DA:9,0
DA:11,0
DA:14,0
LF:7
LH:0
BRF:0
BRH:0
end_of_record
TN:
SF:src\services\korisnici.js
FN:4,(anonymous_0)
FN:8,(anonymous_1)
FN:12,(anonymous_2)
FN:15,(anonymous_3)
FNF:4
FNH:0
FNDA:0,(anonymous_0)
FNDA:0,(anonymous_1)
FNDA:0,(anonymous_2)
FNDA:0,(anonymous_3)
DA:2,0
DA:4,0
DA:5,0
DA:8,0
DA:9,0
DA:12,0
DA:13,0
DA:15,0
DA:16,0
LF:9
LH:0
BRF:0
BRH:0
end_of_record
TN:
SF:src\services\login.js
FN:4,(anonymous_0)
FNF:1
FNH:0
FNDA:0,(anonymous_0)
DA:2,0
DA:4,0
DA:5,0
DA:6,0
LF:4
LH:0
BRF:0
BRH:0
end_of_record
TN:
SF:src\services\rezervacije.js
FN:4,(anonymous_0)
FN:8,(anonymous_1)
FN:11,(anonymous_2)
FN:19,(anonymous_3)
FN:22,(anonymous_4)
FNF:5
FNH:0
FNDA:0,(anonymous_0)
FNDA:0,(anonymous_1)
FNDA:0,(anonymous_2)
FNDA:0,(anonymous_3)
FNDA:0,(anonymous_4)
DA:2,0
DA:3,0
DA:4,0
DA:5,0
DA:8,0
DA:9,0
DA:11,0
DA:12,0
DA:15,0
DA:16,0
DA:19,0
DA:20,0
DA:22,0
DA:23,0
LF:14
LH:0
BRF:0
BRH:0
end_of_record
